<?xml version="1.0" encoding="UTF-8"?>
<testsuite xmlns:xsi="http://www.w3.org/2001/XMLSchema-instance" xsi:noNamespaceSchemaLocation="https://maven.apache.org/surefire/maven-surefire-plugin/xsd/surefire-test-report.xsd" name="eBay Simple Search" time="28.169" tests="1" errors="1" skipped="0" failures="0">
  <properties>
    <property name="java.specification.version" value="23"/>
    <property name="webdriver.chrome.driver" value="/Users/mumuakbas/.cache/selenium/chromedriver/mac64/131.0.6778.264/chromedriver"/>
    <property name="sun.jnu.encoding" value="UTF-8"/>
    <property name="java.class.path" value="/Users/mumuakbas/IdeaProjects/CapstoneCucumber/EbayProject2/target/test-classes:/Users/mumuakbas/IdeaProjects/CapstoneCucumber/EbayProject2/target/classes:/Users/mumuakbas/.m2/repository/io/cucumber/cucumber-java/7.11.1/cucumber-java-7.11.1.jar:/Users/mumuakbas/.m2/repository/io/cucumber/cucumber-core/7.11.1/cucumber-core-7.11.1.jar:/Users/mumuakbas/.m2/repository/io/cucumber/cucumber-gherkin/7.11.1/cucumber-gherkin-7.11.1.jar:/Users/mumuakbas/.m2/repository/io/cucumber/cucumber-gherkin-messages/7.11.1/cucumber-gherkin-messages-7.11.1.jar:/Users/mumuakbas/.m2/repository/io/cucumber/gherkin/26.0.3/gherkin-26.0.3.jar:/Users/mumuakbas/.m2/repository/io/cucumber/messages/21.0.1/messages-21.0.1.jar:/Users/mumuakbas/.m2/repository/io/cucumber/tag-expressions/5.0.1/tag-expressions-5.0.1.jar:/Users/mumuakbas/.m2/repository/io/cucumber/cucumber-expressions/16.1.2/cucumber-expressions-16.1.2.jar:/Users/mumuakbas/.m2/repository/io/cucumber/datatable/7.11.1/datatable-7.11.1.jar:/Users/mumuakbas/.m2/repository/io/cucumber/cucumber-plugin/7.11.1/cucumber-plugin-7.11.1.jar:/Users/mumuakbas/.m2/repository/io/cucumber/docstring/7.11.1/docstring-7.11.1.jar:/Users/mumuakbas/.m2/repository/io/cucumber/html-formatter/20.2.1/html-formatter-20.2.1.jar:/Users/mumuakbas/.m2/repository/io/cucumber/junit-xml-formatter/0.1.0/junit-xml-formatter-0.1.0.jar:/Users/mumuakbas/.m2/repository/io/cucumber/ci-environment/9.1.0/ci-environment-9.1.0.jar:/Users/mumuakbas/.m2/repository/org/apiguardian/apiguardian-api/1.1.2/apiguardian-api-1.1.2.jar:/Users/mumuakbas/.m2/repository/io/cucumber/cucumber-junit/7.11.1/cucumber-junit-7.11.1.jar:/Users/mumuakbas/.m2/repository/junit/junit/4.13.2/junit-4.13.2.jar:/Users/mumuakbas/.m2/repository/org/hamcrest/hamcrest-core/1.3/hamcrest-core-1.3.jar:/Users/mumuakbas/.m2/repository/org/seleniumhq/selenium/selenium-java/4.12.1/selenium-java-4.12.1.jar:/Users/mumuakbas/.m2/repository/org/seleniumhq/selenium/selenium-api/4.12.1/selenium-api-4.12.1.jar:/Users/mumuakbas/.m2/repository/org/seleniumhq/selenium/selenium-chrome-driver/4.12.1/selenium-chrome-driver-4.12.1.jar:/Users/mumuakbas/.m2/repository/org/seleniumhq/selenium/selenium-chromium-driver/4.12.1/selenium-chromium-driver-4.12.1.jar:/Users/mumuakbas/.m2/repository/org/seleniumhq/selenium/selenium-manager/4.12.1/selenium-manager-4.12.1.jar:/Users/mumuakbas/.m2/repository/org/seleniumhq/selenium/selenium-devtools-v115/4.12.1/selenium-devtools-v115-4.12.1.jar:/Users/mumuakbas/.m2/repository/org/seleniumhq/selenium/selenium-devtools-v116/4.12.1/selenium-devtools-v116-4.12.1.jar:/Users/mumuakbas/.m2/repository/org/seleniumhq/selenium/selenium-devtools-v85/4.12.1/selenium-devtools-v85-4.12.1.jar:/Users/mumuakbas/.m2/repository/org/seleniumhq/selenium/selenium-edge-driver/4.12.1/selenium-edge-driver-4.12.1.jar:/Users/mumuakbas/.m2/repository/org/seleniumhq/selenium/selenium-firefox-driver/4.12.1/selenium-firefox-driver-4.12.1.jar:/Users/mumuakbas/.m2/repository/org/seleniumhq/selenium/selenium-http/4.12.1/selenium-http-4.12.1.jar:/Users/mumuakbas/.m2/repository/dev/failsafe/failsafe/3.3.2/failsafe-3.3.2.jar:/Users/mumuakbas/.m2/repository/org/seleniumhq/selenium/selenium-ie-driver/4.12.1/selenium-ie-driver-4.12.1.jar:/Users/mumuakbas/.m2/repository/org/seleniumhq/selenium/selenium-remote-driver/4.12.1/selenium-remote-driver-4.12.1.jar:/Users/mumuakbas/.m2/repository/io/netty/netty-buffer/4.1.96.Final/netty-buffer-4.1.96.Final.jar:/Users/mumuakbas/.m2/repository/io/netty/netty-codec-http/4.1.96.Final/netty-codec-http-4.1.96.Final.jar:/Users/mumuakbas/.m2/repository/io/netty/netty-codec/4.1.96.Final/netty-codec-4.1.96.Final.jar:/Users/mumuakbas/.m2/repository/io/netty/netty-handler/4.1.96.Final/netty-handler-4.1.96.Final.jar:/Users/mumuakbas/.m2/repository/io/netty/netty-common/4.1.96.Final/netty-common-4.1.96.Final.jar:/Users/mumuakbas/.m2/repository/io/netty/netty-transport-classes-epoll/4.1.96.Final/netty-transport-classes-epoll-4.1.96.Final.jar:/Users/mumuakbas/.m2/repository/io/netty/netty-transport-classes-kqueue/4.1.96.Final/netty-transport-classes-kqueue-4.1.96.Final.jar:/Users/mumuakbas/.m2/repository/io/netty/netty-transport-native-epoll/4.1.96.Final/netty-transport-native-epoll-4.1.96.Final.jar:/Users/mumuakbas/.m2/repository/io/netty/netty-transport-native-kqueue/4.1.96.Final/netty-transport-native-kqueue-4.1.96.Final.jar:/Users/mumuakbas/.m2/repository/io/netty/netty-transport-native-unix-common/4.1.96.Final/netty-transport-native-unix-common-4.1.96.Final.jar:/Users/mumuakbas/.m2/repository/io/netty/netty-transport/4.1.96.Final/netty-transport-4.1.96.Final.jar:/Users/mumuakbas/.m2/repository/io/netty/netty-resolver/4.1.96.Final/netty-resolver-4.1.96.Final.jar:/Users/mumuakbas/.m2/repository/io/opentelemetry/opentelemetry-api/1.28.0/opentelemetry-api-1.28.0.jar:/Users/mumuakbas/.m2/repository/io/opentelemetry/opentelemetry-context/1.28.0/opentelemetry-context-1.28.0.jar:/Users/mumuakbas/.m2/repository/io/opentelemetry/opentelemetry-exporter-logging/1.28.0/opentelemetry-exporter-logging-1.28.0.jar:/Users/mumuakbas/.m2/repository/io/opentelemetry/opentelemetry-sdk-metrics/1.28.0/opentelemetry-sdk-metrics-1.28.0.jar:/Users/mumuakbas/.m2/repository/io/opentelemetry/opentelemetry-extension-incubator/1.28.0-alpha/opentelemetry-extension-incubator-1.28.0-alpha.jar:/Users/mumuakbas/.m2/repository/io/opentelemetry/opentelemetry-sdk-logs/1.28.0/opentelemetry-sdk-logs-1.28.0.jar:/Users/mumuakbas/.m2/repository/io/opentelemetry/opentelemetry-sdk-common/1.28.0/opentelemetry-sdk-common-1.28.0.jar:/Users/mumuakbas/.m2/repository/io/opentelemetry/opentelemetry-sdk-extension-autoconfigure-spi/1.28.0/opentelemetry-sdk-extension-autoconfigure-spi-1.28.0.jar:/Users/mumuakbas/.m2/repository/io/opentelemetry/opentelemetry-sdk-extension-autoconfigure/1.28.0/opentelemetry-sdk-extension-autoconfigure-1.28.0.jar:/Users/mumuakbas/.m2/repository/io/opentelemetry/opentelemetry-api-events/1.28.0-alpha/opentelemetry-api-events-1.28.0-alpha.jar:/Users/mumuakbas/.m2/repository/io/opentelemetry/opentelemetry-sdk-trace/1.28.0/opentelemetry-sdk-trace-1.28.0.jar:/Users/mumuakbas/.m2/repository/io/opentelemetry/opentelemetry-sdk/1.28.0/opentelemetry-sdk-1.28.0.jar:/Users/mumuakbas/.m2/repository/io/opentelemetry/opentelemetry-semconv/1.28.0-alpha/opentelemetry-semconv-1.28.0-alpha.jar:/Users/mumuakbas/.m2/repository/net/bytebuddy/byte-buddy/1.14.5/byte-buddy-1.14.5.jar:/Users/mumuakbas/.m2/repository/org/asynchttpclient/async-http-client/2.12.3/async-http-client-2.12.3.jar:/Users/mumuakbas/.m2/repository/org/asynchttpclient/async-http-client-netty-utils/2.12.3/async-http-client-netty-utils-2.12.3.jar:/Users/mumuakbas/.m2/repository/io/netty/netty-codec-socks/4.1.60.Final/netty-codec-socks-4.1.60.Final.jar:/Users/mumuakbas/.m2/repository/io/netty/netty-handler-proxy/4.1.60.Final/netty-handler-proxy-4.1.60.Final.jar:/Users/mumuakbas/.m2/repository/io/netty/netty-transport-native-epoll/4.1.60.Final/netty-transport-native-epoll-4.1.60.Final-linux-x86_64.jar:/Users/mumuakbas/.m2/repository/io/netty/netty-transport-native-kqueue/4.1.60.Final/netty-transport-native-kqueue-4.1.60.Final-osx-x86_64.jar:/Users/mumuakbas/.m2/repository/org/reactivestreams/reactive-streams/1.0.3/reactive-streams-1.0.3.jar:/Users/mumuakbas/.m2/repository/com/typesafe/netty/netty-reactive-streams/2.0.4/netty-reactive-streams-2.0.4.jar:/Users/mumuakbas/.m2/repository/com/sun/activation/jakarta.activation/1.2.2/jakarta.activation-1.2.2.jar:/Users/mumuakbas/.m2/repository/org/seleniumhq/selenium/selenium-os/4.12.1/selenium-os-4.12.1.jar:/Users/mumuakbas/.m2/repository/org/apache/commons/commons-exec/1.3/commons-exec-1.3.jar:/Users/mumuakbas/.m2/repository/org/seleniumhq/selenium/selenium-safari-driver/4.12.1/selenium-safari-driver-4.12.1.jar:/Users/mumuakbas/.m2/repository/org/seleniumhq/selenium/selenium-support/4.12.1/selenium-support-4.12.1.jar:/Users/mumuakbas/.m2/repository/mysql/mysql-connector-java/8.0.28/mysql-connector-java-8.0.28.jar:/Users/mumuakbas/.m2/repository/com/google/protobuf/protobuf-java/3.11.4/protobuf-java-3.11.4.jar:/Users/mumuakbas/.m2/repository/com/github/javafaker/javafaker/1.0.2/javafaker-1.0.2.jar:/Users/mumuakbas/.m2/repository/org/apache/commons/commons-lang3/3.5/commons-lang3-3.5.jar:/Users/mumuakbas/.m2/repository/org/yaml/snakeyaml/1.23/snakeyaml-1.23-android.jar:/Users/mumuakbas/.m2/repository/com/github/mifmif/generex/1.0.2/generex-1.0.2.jar:/Users/mumuakbas/.m2/repository/dk/brics/automaton/automaton/1.11-8/automaton-1.11-8.jar:/Users/mumuakbas/.m2/repository/io/rest-assured/rest-assured/5.3.0/rest-assured-5.3.0.jar:/Users/mumuakbas/.m2/repository/org/apache/groovy/groovy/4.0.6/groovy-4.0.6.jar:/Users/mumuakbas/.m2/repository/org/apache/groovy/groovy-xml/4.0.6/groovy-xml-4.0.6.jar:/Users/mumuakbas/.m2/repository/org/apache/httpcomponents/httpclient/4.5.13/httpclient-4.5.13.jar:/Users/mumuakbas/.m2/repository/org/apache/httpcomponents/httpcore/4.4.13/httpcore-4.4.13.jar:/Users/mumuakbas/.m2/repository/commons-logging/commons-logging/1.2/commons-logging-1.2.jar:/Users/mumuakbas/.m2/repository/org/apache/httpcomponents/httpmime/4.5.13/httpmime-4.5.13.jar:/Users/mumuakbas/.m2/repository/org/ccil/cowan/tagsoup/tagsoup/1.2.1/tagsoup-1.2.1.jar:/Users/mumuakbas/.m2/repository/io/rest-assured/json-path/5.3.0/json-path-5.3.0.jar:/Users/mumuakbas/.m2/repository/org/apache/groovy/groovy-json/4.0.6/groovy-json-4.0.6.jar:/Users/mumuakbas/.m2/repository/io/rest-assured/rest-assured-common/5.3.0/rest-assured-common-5.3.0.jar:/Users/mumuakbas/.m2/repository/io/rest-assured/xml-path/5.3.0/xml-path-5.3.0.jar:/Users/mumuakbas/.m2/repository/com/opencsv/opencsv/5.7.1/opencsv-5.7.1.jar:/Users/mumuakbas/.m2/repository/org/apache/commons/commons-text/1.10.0/commons-text-1.10.0.jar:/Users/mumuakbas/.m2/repository/commons-beanutils/commons-beanutils/1.9.4/commons-beanutils-1.9.4.jar:/Users/mumuakbas/.m2/repository/commons-collections/commons-collections/3.2.2/commons-collections-3.2.2.jar:/Users/mumuakbas/.m2/repository/org/apache/commons/commons-collections4/4.4/commons-collections4-4.4.jar:/Users/mumuakbas/.m2/repository/org/apache/poi/poi/4.1.2/poi-4.1.2.jar:/Users/mumuakbas/.m2/repository/commons-codec/commons-codec/1.13/commons-codec-1.13.jar:/Users/mumuakbas/.m2/repository/org/apache/commons/commons-math3/3.6.1/commons-math3-3.6.1.jar:/Users/mumuakbas/.m2/repository/com/zaxxer/SparseBitSet/1.2/SparseBitSet-1.2.jar:/Users/mumuakbas/.m2/repository/org/apache/poi/poi-ooxml/4.1.2/poi-ooxml-4.1.2.jar:/Users/mumuakbas/.m2/repository/org/apache/poi/poi-ooxml-schemas/4.1.2/poi-ooxml-schemas-4.1.2.jar:/Users/mumuakbas/.m2/repository/org/apache/xmlbeans/xmlbeans/3.1.0/xmlbeans-3.1.0.jar:/Users/mumuakbas/.m2/repository/org/apache/commons/commons-compress/1.19/commons-compress-1.19.jar:/Users/mumuakbas/.m2/repository/com/github/virtuald/curvesapi/1.06/curvesapi-1.06.jar:/Users/mumuakbas/.m2/repository/com/github/pireba/applescript/0.0.5/applescript-0.0.5.jar:/Users/mumuakbas/.m2/repository/org/seleniumhq/selenium/selenium-devtools-v114/4.12.1/selenium-devtools-v114-4.12.1.jar:/Users/mumuakbas/.m2/repository/com/google/auto/service/auto-service-annotations/1.1.1/auto-service-annotations-1.1.1.jar:/Users/mumuakbas/.m2/repository/com/google/guava/guava/32.1.2-jre/guava-32.1.2-jre.jar:/Users/mumuakbas/.m2/repository/com/google/guava/failureaccess/1.0.1/failureaccess-1.0.1.jar:/Users/mumuakbas/.m2/repository/com/google/guava/listenablefuture/9999.0-empty-to-avoid-conflict-with-guava/listenablefuture-9999.0-empty-to-avoid-conflict-with-guava.jar:/Users/mumuakbas/.m2/repository/com/google/code/findbugs/jsr305/3.0.2/jsr305-3.0.2.jar:/Users/mumuakbas/.m2/repository/org/checkerframework/checker-qual/3.33.0/checker-qual-3.33.0.jar:/Users/mumuakbas/.m2/repository/com/google/errorprone/error_prone_annotations/2.18.0/error_prone_annotations-2.18.0.jar:/Users/mumuakbas/.m2/repository/com/google/j2objc/j2objc-annotations/2.8/j2objc-annotations-2.8.jar:/Users/mumuakbas/.m2/repository/org/seleniumhq/selenium/selenium-json/4.12.1/selenium-json-4.12.1.jar:/Users/mumuakbas/.m2/repository/org/apache/commons/commons-csv/1.5/commons-csv-1.5.jar:/Users/mumuakbas/.m2/repository/io/github/bonigarcia/webdrivermanager/5.5.0/webdrivermanager-5.5.0.jar:/Users/mumuakbas/.m2/repository/org/slf4j/slf4j-api/2.0.7/slf4j-api-2.0.7.jar:/Users/mumuakbas/.m2/repository/com/google/code/gson/gson/2.10.1/gson-2.10.1.jar:/Users/mumuakbas/.m2/repository/com/github/docker-java/docker-java/3.3.3/docker-java-3.3.3.jar:/Users/mumuakbas/.m2/repository/com/github/docker-java/docker-java-core/3.3.3/docker-java-core-3.3.3.jar:/Users/mumuakbas/.m2/repository/com/github/docker-java/docker-java-api/3.3.3/docker-java-api-3.3.3.jar:/Users/mumuakbas/.m2/repository/com/fasterxml/jackson/core/jackson-annotations/2.10.3/jackson-annotations-2.10.3.jar:/Users/mumuakbas/.m2/repository/commons-io/commons-io/2.6/commons-io-2.6.jar:/Users/mumuakbas/.m2/repository/com/fasterxml/jackson/core/jackson-databind/2.10.3/jackson-databind-2.10.3.jar:/Users/mumuakbas/.m2/repository/com/fasterxml/jackson/core/jackson-core/2.10.3/jackson-core-2.10.3.jar:/Users/mumuakbas/.m2/repository/org/bouncycastle/bcpkix-jdk18on/1.75/bcpkix-jdk18on-1.75.jar:/Users/mumuakbas/.m2/repository/org/bouncycastle/bcprov-jdk18on/1.75/bcprov-jdk18on-1.75.jar:/Users/mumuakbas/.m2/repository/org/bouncycastle/bcutil-jdk18on/1.75/bcutil-jdk18on-1.75.jar:/Users/mumuakbas/.m2/repository/org/slf4j/jcl-over-slf4j/1.7.30/jcl-over-slf4j-1.7.30.jar:/Users/mumuakbas/.m2/repository/com/github/docker-java/docker-java-transport-httpclient5/3.3.3/docker-java-transport-httpclient5-3.3.3.jar:/Users/mumuakbas/.m2/repository/com/github/docker-java/docker-java-transport/3.3.3/docker-java-transport-3.3.3.jar:/Users/mumuakbas/.m2/repository/net/java/dev/jna/jna/5.12.1/jna-5.12.1.jar:/Users/mumuakbas/.m2/repository/org/brotli/dec/0.1.2/dec-0.1.2.jar:/Users/mumuakbas/.m2/repository/org/apache/httpcomponents/client5/httpclient5/5.2.1/httpclient5-5.2.1.jar:/Users/mumuakbas/.m2/repository/org/apache/httpcomponents/core5/httpcore5/5.2/httpcore5-5.2.jar:/Users/mumuakbas/.m2/repository/org/apache/httpcomponents/core5/httpcore5-h2/5.2/httpcore5-h2-5.2.jar:/Users/mumuakbas/.m2/repository/io/github/qsy7/java/modules/browser/drivers/chromedriver/0.3.3/chromedriver-0.3.3.jar:/Users/mumuakbas/.m2/repository/io/github/qsy7/java/modules/browser/api/service/0.3.3/service-0.3.3.jar:/Users/mumuakbas/.m2/repository/io/github/qsy7/java/modules/browser/api/model/0.3.3/model-0.3.3.jar:/Users/mumuakbas/.m2/repository/io/github/qsy7/java/infrastructure/property/api/0.3.3/api-0.3.3.jar:/Users/mumuakbas/.m2/repository/org/reflections/reflections/0.10.2/reflections-0.10.2.jar:/Users/mumuakbas/.m2/repository/org/javassist/javassist/3.28.0-GA/javassist-3.28.0-GA.jar:/Users/mumuakbas/.m2/repository/org/dom4j/dom4j/2.1.4/dom4j-2.1.4.jar:/Users/mumuakbas/.m2/repository/io/github/qsy7/java/modules/identity/api/model/0.3.3/model-0.3.3.jar:/Users/mumuakbas/.m2/repository/io/github/qsy7/java/modules/person/api/model/0.3.3/model-0.3.3.jar:/Users/mumuakbas/.m2/repository/org/passay/passay/1.6.4/passay-1.6.4.jar:/Users/mumuakbas/.m2/repository/io/github/qsy7/java/modules/serialization/api/service/0.3.3/service-0.3.3.jar:/Users/mumuakbas/.m2/repository/io/github/qsy7/java/modules/serialization/api/model/0.3.3/model-0.3.3.jar:/Users/mumuakbas/.m2/repository/io/github/qsy7/java/modules/keep-alive/0.3.3/keep-alive-0.3.3.jar:/Users/mumuakbas/.m2/repository/io/github/qsy7/java/modules/file/modules/resources/0.3.3/resources-0.3.3.jar:/Users/mumuakbas/.m2/repository/io/github/qsy7/java/infrastructure/inject/modules/cli/api/0.3.3/api-0.3.3.jar:/Users/mumuakbas/.m2/repository/io/github/qsy7/java/advice/closeable/0.3.3/closeable-0.3.3.jar:/Users/mumuakbas/.m2/repository/net/bytebuddy/byte-buddy-agent/1.14.11/byte-buddy-agent-1.14.11.jar:/Users/mumuakbas/.m2/repository/io/github/qsy7/java/infrastructure/datastore/api/repository/0.3.3/repository-0.3.3.jar:/Users/mumuakbas/.m2/repository/io/github/qsy7/java/infrastructure/datastore/api/model/0.3.3/model-0.3.3.jar:/Users/mumuakbas/.m2/repository/org/datanucleus/javax.jdo/3.2.1/javax.jdo-3.2.1.jar:/Users/mumuakbas/.m2/repository/org/glassfish/corba/glassfish-corba-omgapi/4.2.2/glassfish-corba-omgapi-4.2.2.jar:/Users/mumuakbas/.m2/repository/org/datanucleus/datanucleus-api-jdo/6.0.1/datanucleus-api-jdo-6.0.1.jar:/Users/mumuakbas/.m2/repository/org/datanucleus/datanucleus-core/6.0.6/datanucleus-core-6.0.6.jar:/Users/mumuakbas/.m2/repository/org/datanucleus/datanucleus-jdo-query/6.0.1/datanucleus-jdo-query-6.0.1.jar:/Users/mumuakbas/.m2/repository/javax/transaction/javax.transaction-api/1.3/javax.transaction-api-1.3.jar:/Users/mumuakbas/.m2/repository/io/github/qsy7/java/modules/browser/impl/0.3.3/impl-0.3.3.jar:/Users/mumuakbas/.m2/repository/io/github/qsy7/java/modules/file/api/model/0.3.3/model-0.3.3.jar:/Users/mumuakbas/.m2/repository/io/github/qsy7/java/modules/file/api/service/0.3.3/service-0.3.3.jar:/Users/mumuakbas/.m2/repository/io/github/qsy7/java/modules/file/impl/0.3.3/impl-0.3.3.jar:/Users/mumuakbas/.m2/repository/io/github/qsy7/java/modules/compression/api/service/0.3.3/service-0.3.3.jar:/Users/mumuakbas/.m2/repository/io/github/qsy7/java/modules/compression/api/model/0.3.3/model-0.3.3.jar:/Users/mumuakbas/.m2/repository/org/tukaani/xz/1.9/xz-1.9.jar:/Users/mumuakbas/.m2/repository/io/github/qsy7/java/modules/compression/modules/xz/impl/0.3.3/impl-0.3.3.jar:/Users/mumuakbas/.m2/repository/io/github/qsy7/java/modules/encryption/api/0.3.3/api-0.3.3.jar:/Users/mumuakbas/.m2/repository/io/github/qsy7/java/modules/encryption/impl/0.3.3/impl-0.3.3.jar:/Users/mumuakbas/.m2/repository/org/apache/commons/commons-crypto/1.2.0/commons-crypto-1.2.0.jar:/Users/mumuakbas/.m2/repository/com/sun/xml/bind/jaxb-impl/2.3.7/jaxb-impl-2.3.7.jar:/Users/mumuakbas/.m2/repository/jakarta/xml/bind/jakarta.xml.bind-api/2.3.3/jakarta.xml.bind-api-2.3.3.jar:/Users/mumuakbas/.m2/repository/io/github/qsy7/java/infrastructure/inject/core/0.3.3/core-0.3.3.jar:/Users/mumuakbas/.m2/repository/jakarta/inject/jakarta.inject-api/2.0.1.MR/jakarta.inject-api-2.0.1.MR.jar:/Users/mumuakbas/.m2/repository/io/github/qsy7/java/infrastructure/property/impl/0.3.3/impl-0.3.3.jar:/Users/mumuakbas/.m2/repository/io/github/qsy7/java/advice/logging/api/0.3.3/api-0.3.3.jar:/Users/mumuakbas/.m2/repository/jakarta/enterprise/jakarta.enterprise.cdi-api/4.1.0-M1/jakarta.enterprise.cdi-api-4.1.0-M1.jar:/Users/mumuakbas/.m2/repository/jakarta/enterprise/jakarta.enterprise.lang-model/4.1.0-M1/jakarta.enterprise.lang-model-4.1.0-M1.jar:/Users/mumuakbas/.m2/repository/jakarta/annotation/jakarta.annotation-api/3.0.0-M1/jakarta.annotation-api-3.0.0-M1.jar:/Users/mumuakbas/.m2/repository/jakarta/el/jakarta.el-api/5.0.1/jakarta.el-api-5.0.1.jar:/Users/mumuakbas/.m2/repository/jakarta/interceptor/jakarta.interceptor-api/2.2.0-M1/jakarta.interceptor-api-2.2.0-M1.jar:/Users/mumuakbas/.m2/repository/io/github/qsy7/java/infrastructure/property/modules/environment/0.3.3/environment-0.3.3.jar:/Users/mumuakbas/.m2/repository/io/github/qsy7/java/infrastructure/property/modules/manifest/0.3.3/manifest-0.3.3.jar:/Users/mumuakbas/.m2/repository/com/jcabi/jcabi-manifests/2.1.0/jcabi-manifests-2.1.0.jar:/Users/mumuakbas/.m2/repository/com/jcabi/jcabi-log/0.22.0/jcabi-log-0.22.0.jar:/Users/mumuakbas/.m2/repository/org/mockito/mockito-core/4.6.1/mockito-core-4.6.1.jar:/Users/mumuakbas/.m2/repository/org/objenesis/objenesis/3.2/objenesis-3.2.jar:/Users/mumuakbas/.m2/repository/io/github/qsy7/java/modules/shell/api/model/0.3.3/model-0.3.3.jar:/Users/mumuakbas/.m2/repository/io/github/qsy7/java/infrastructure/datastore/impl/0.3.3/impl-0.3.3.jar:/Users/mumuakbas/.m2/repository/org/hamcrest/hamcrest/2.2/hamcrest-2.2.jar:"/>
    <property name="java.vm.vendor" value="Homebrew"/>
    <property name="sun.arch.data.model" value="64"/>
    <property name="java.vendor.url" value="https://github.com/Homebrew/homebrew-core/issues"/>
    <property name="user.timezone" value="America/New_York"/>
    <property name="os.name" value="Mac OS X"/>
    <property name="java.vm.specification.version" value="23"/>
    <property name="sun.java.launcher" value="SUN_STANDARD"/>
    <property name="user.country" value="US"/>
    <property name="sun.boot.library.path" value="/usr/local/Cellar/openjdk/23.0.1/libexec/openjdk.jdk/Contents/Home/lib"/>
    <property name="sun.java.command" value="/Users/mumuakbas/IdeaProjects/CapstoneCucumber/EbayProject2/target/surefire/surefirebooter16592409487398426522.jar /Users/mumuakbas/IdeaProjects/CapstoneCucumber/EbayProject2/target/surefire 2025-01-24T09-36-18_323-jvmRun1 surefire535883610484866661tmp surefire_0289573066762756016tmp"/>
    <property name="http.nonProxyHosts" value="local|*.local|169.254/16|*.169.254/16"/>
    <property name="jdk.debug" value="release"/>
    <property name="surefire.test.class.path" value="/Users/mumuakbas/IdeaProjects/CapstoneCucumber/EbayProject2/target/test-classes:/Users/mumuakbas/IdeaProjects/CapstoneCucumber/EbayProject2/target/classes:/Users/mumuakbas/.m2/repository/io/cucumber/cucumber-java/7.11.1/cucumber-java-7.11.1.jar:/Users/mumuakbas/.m2/repository/io/cucumber/cucumber-core/7.11.1/cucumber-core-7.11.1.jar:/Users/mumuakbas/.m2/repository/io/cucumber/cucumber-gherkin/7.11.1/cucumber-gherkin-7.11.1.jar:/Users/mumuakbas/.m2/repository/io/cucumber/cucumber-gherkin-messages/7.11.1/cucumber-gherkin-messages-7.11.1.jar:/Users/mumuakbas/.m2/repository/io/cucumber/gherkin/26.0.3/gherkin-26.0.3.jar:/Users/mumuakbas/.m2/repository/io/cucumber/messages/21.0.1/messages-21.0.1.jar:/Users/mumuakbas/.m2/repository/io/cucumber/tag-expressions/5.0.1/tag-expressions-5.0.1.jar:/Users/mumuakbas/.m2/repository/io/cucumber/cucumber-expressions/16.1.2/cucumber-expressions-16.1.2.jar:/Users/mumuakbas/.m2/repository/io/cucumber/datatable/7.11.1/datatable-7.11.1.jar:/Users/mumuakbas/.m2/repository/io/cucumber/cucumber-plugin/7.11.1/cucumber-plugin-7.11.1.jar:/Users/mumuakbas/.m2/repository/io/cucumber/docstring/7.11.1/docstring-7.11.1.jar:/Users/mumuakbas/.m2/repository/io/cucumber/html-formatter/20.2.1/html-formatter-20.2.1.jar:/Users/mumuakbas/.m2/repository/io/cucumber/junit-xml-formatter/0.1.0/junit-xml-formatter-0.1.0.jar:/Users/mumuakbas/.m2/repository/io/cucumber/ci-environment/9.1.0/ci-environment-9.1.0.jar:/Users/mumuakbas/.m2/repository/org/apiguardian/apiguardian-api/1.1.2/apiguardian-api-1.1.2.jar:/Users/mumuakbas/.m2/repository/io/cucumber/cucumber-junit/7.11.1/cucumber-junit-7.11.1.jar:/Users/mumuakbas/.m2/repository/junit/junit/4.13.2/junit-4.13.2.jar:/Users/mumuakbas/.m2/repository/org/hamcrest/hamcrest-core/1.3/hamcrest-core-1.3.jar:/Users/mumuakbas/.m2/repository/org/seleniumhq/selenium/selenium-java/4.12.1/selenium-java-4.12.1.jar:/Users/mumuakbas/.m2/repository/org/seleniumhq/selenium/selenium-api/4.12.1/selenium-api-4.12.1.jar:/Users/mumuakbas/.m2/repository/org/seleniumhq/selenium/selenium-chrome-driver/4.12.1/selenium-chrome-driver-4.12.1.jar:/Users/mumuakbas/.m2/repository/org/seleniumhq/selenium/selenium-chromium-driver/4.12.1/selenium-chromium-driver-4.12.1.jar:/Users/mumuakbas/.m2/repository/org/seleniumhq/selenium/selenium-manager/4.12.1/selenium-manager-4.12.1.jar:/Users/mumuakbas/.m2/repository/org/seleniumhq/selenium/selenium-devtools-v115/4.12.1/selenium-devtools-v115-4.12.1.jar:/Users/mumuakbas/.m2/repository/org/seleniumhq/selenium/selenium-devtools-v116/4.12.1/selenium-devtools-v116-4.12.1.jar:/Users/mumuakbas/.m2/repository/org/seleniumhq/selenium/selenium-devtools-v85/4.12.1/selenium-devtools-v85-4.12.1.jar:/Users/mumuakbas/.m2/repository/org/seleniumhq/selenium/selenium-edge-driver/4.12.1/selenium-edge-driver-4.12.1.jar:/Users/mumuakbas/.m2/repository/org/seleniumhq/selenium/selenium-firefox-driver/4.12.1/selenium-firefox-driver-4.12.1.jar:/Users/mumuakbas/.m2/repository/org/seleniumhq/selenium/selenium-http/4.12.1/selenium-http-4.12.1.jar:/Users/mumuakbas/.m2/repository/dev/failsafe/failsafe/3.3.2/failsafe-3.3.2.jar:/Users/mumuakbas/.m2/repository/org/seleniumhq/selenium/selenium-ie-driver/4.12.1/selenium-ie-driver-4.12.1.jar:/Users/mumuakbas/.m2/repository/org/seleniumhq/selenium/selenium-remote-driver/4.12.1/selenium-remote-driver-4.12.1.jar:/Users/mumuakbas/.m2/repository/io/netty/netty-buffer/4.1.96.Final/netty-buffer-4.1.96.Final.jar:/Users/mumuakbas/.m2/repository/io/netty/netty-codec-http/4.1.96.Final/netty-codec-http-4.1.96.Final.jar:/Users/mumuakbas/.m2/repository/io/netty/netty-codec/4.1.96.Final/netty-codec-4.1.96.Final.jar:/Users/mumuakbas/.m2/repository/io/netty/netty-handler/4.1.96.Final/netty-handler-4.1.96.Final.jar:/Users/mumuakbas/.m2/repository/io/netty/netty-common/4.1.96.Final/netty-common-4.1.96.Final.jar:/Users/mumuakbas/.m2/repository/io/netty/netty-transport-classes-epoll/4.1.96.Final/netty-transport-classes-epoll-4.1.96.Final.jar:/Users/mumuakbas/.m2/repository/io/netty/netty-transport-classes-kqueue/4.1.96.Final/netty-transport-classes-kqueue-4.1.96.Final.jar:/Users/mumuakbas/.m2/repository/io/netty/netty-transport-native-epoll/4.1.96.Final/netty-transport-native-epoll-4.1.96.Final.jar:/Users/mumuakbas/.m2/repository/io/netty/netty-transport-native-kqueue/4.1.96.Final/netty-transport-native-kqueue-4.1.96.Final.jar:/Users/mumuakbas/.m2/repository/io/netty/netty-transport-native-unix-common/4.1.96.Final/netty-transport-native-unix-common-4.1.96.Final.jar:/Users/mumuakbas/.m2/repository/io/netty/netty-transport/4.1.96.Final/netty-transport-4.1.96.Final.jar:/Users/mumuakbas/.m2/repository/io/netty/netty-resolver/4.1.96.Final/netty-resolver-4.1.96.Final.jar:/Users/mumuakbas/.m2/repository/io/opentelemetry/opentelemetry-api/1.28.0/opentelemetry-api-1.28.0.jar:/Users/mumuakbas/.m2/repository/io/opentelemetry/opentelemetry-context/1.28.0/opentelemetry-context-1.28.0.jar:/Users/mumuakbas/.m2/repository/io/opentelemetry/opentelemetry-exporter-logging/1.28.0/opentelemetry-exporter-logging-1.28.0.jar:/Users/mumuakbas/.m2/repository/io/opentelemetry/opentelemetry-sdk-metrics/1.28.0/opentelemetry-sdk-metrics-1.28.0.jar:/Users/mumuakbas/.m2/repository/io/opentelemetry/opentelemetry-extension-incubator/1.28.0-alpha/opentelemetry-extension-incubator-1.28.0-alpha.jar:/Users/mumuakbas/.m2/repository/io/opentelemetry/opentelemetry-sdk-logs/1.28.0/opentelemetry-sdk-logs-1.28.0.jar:/Users/mumuakbas/.m2/repository/io/opentelemetry/opentelemetry-sdk-common/1.28.0/opentelemetry-sdk-common-1.28.0.jar:/Users/mumuakbas/.m2/repository/io/opentelemetry/opentelemetry-sdk-extension-autoconfigure-spi/1.28.0/opentelemetry-sdk-extension-autoconfigure-spi-1.28.0.jar:/Users/mumuakbas/.m2/repository/io/opentelemetry/opentelemetry-sdk-extension-autoconfigure/1.28.0/opentelemetry-sdk-extension-autoconfigure-1.28.0.jar:/Users/mumuakbas/.m2/repository/io/opentelemetry/opentelemetry-api-events/1.28.0-alpha/opentelemetry-api-events-1.28.0-alpha.jar:/Users/mumuakbas/.m2/repository/io/opentelemetry/opentelemetry-sdk-trace/1.28.0/opentelemetry-sdk-trace-1.28.0.jar:/Users/mumuakbas/.m2/repository/io/opentelemetry/opentelemetry-sdk/1.28.0/opentelemetry-sdk-1.28.0.jar:/Users/mumuakbas/.m2/repository/io/opentelemetry/opentelemetry-semconv/1.28.0-alpha/opentelemetry-semconv-1.28.0-alpha.jar:/Users/mumuakbas/.m2/repository/net/bytebuddy/byte-buddy/1.14.5/byte-buddy-1.14.5.jar:/Users/mumuakbas/.m2/repository/org/asynchttpclient/async-http-client/2.12.3/async-http-client-2.12.3.jar:/Users/mumuakbas/.m2/repository/org/asynchttpclient/async-http-client-netty-utils/2.12.3/async-http-client-netty-utils-2.12.3.jar:/Users/mumuakbas/.m2/repository/io/netty/netty-codec-socks/4.1.60.Final/netty-codec-socks-4.1.60.Final.jar:/Users/mumuakbas/.m2/repository/io/netty/netty-handler-proxy/4.1.60.Final/netty-handler-proxy-4.1.60.Final.jar:/Users/mumuakbas/.m2/repository/io/netty/netty-transport-native-epoll/4.1.60.Final/netty-transport-native-epoll-4.1.60.Final-linux-x86_64.jar:/Users/mumuakbas/.m2/repository/io/netty/netty-transport-native-kqueue/4.1.60.Final/netty-transport-native-kqueue-4.1.60.Final-osx-x86_64.jar:/Users/mumuakbas/.m2/repository/org/reactivestreams/reactive-streams/1.0.3/reactive-streams-1.0.3.jar:/Users/mumuakbas/.m2/repository/com/typesafe/netty/netty-reactive-streams/2.0.4/netty-reactive-streams-2.0.4.jar:/Users/mumuakbas/.m2/repository/com/sun/activation/jakarta.activation/1.2.2/jakarta.activation-1.2.2.jar:/Users/mumuakbas/.m2/repository/org/seleniumhq/selenium/selenium-os/4.12.1/selenium-os-4.12.1.jar:/Users/mumuakbas/.m2/repository/org/apache/commons/commons-exec/1.3/commons-exec-1.3.jar:/Users/mumuakbas/.m2/repository/org/seleniumhq/selenium/selenium-safari-driver/4.12.1/selenium-safari-driver-4.12.1.jar:/Users/mumuakbas/.m2/repository/org/seleniumhq/selenium/selenium-support/4.12.1/selenium-support-4.12.1.jar:/Users/mumuakbas/.m2/repository/mysql/mysql-connector-java/8.0.28/mysql-connector-java-8.0.28.jar:/Users/mumuakbas/.m2/repository/com/google/protobuf/protobuf-java/3.11.4/protobuf-java-3.11.4.jar:/Users/mumuakbas/.m2/repository/com/github/javafaker/javafaker/1.0.2/javafaker-1.0.2.jar:/Users/mumuakbas/.m2/repository/org/apache/commons/commons-lang3/3.5/commons-lang3-3.5.jar:/Users/mumuakbas/.m2/repository/org/yaml/snakeyaml/1.23/snakeyaml-1.23-android.jar:/Users/mumuakbas/.m2/repository/com/github/mifmif/generex/1.0.2/generex-1.0.2.jar:/Users/mumuakbas/.m2/repository/dk/brics/automaton/automaton/1.11-8/automaton-1.11-8.jar:/Users/mumuakbas/.m2/repository/io/rest-assured/rest-assured/5.3.0/rest-assured-5.3.0.jar:/Users/mumuakbas/.m2/repository/org/apache/groovy/groovy/4.0.6/groovy-4.0.6.jar:/Users/mumuakbas/.m2/repository/org/apache/groovy/groovy-xml/4.0.6/groovy-xml-4.0.6.jar:/Users/mumuakbas/.m2/repository/org/apache/httpcomponents/httpclient/4.5.13/httpclient-4.5.13.jar:/Users/mumuakbas/.m2/repository/org/apache/httpcomponents/httpcore/4.4.13/httpcore-4.4.13.jar:/Users/mumuakbas/.m2/repository/commons-logging/commons-logging/1.2/commons-logging-1.2.jar:/Users/mumuakbas/.m2/repository/org/apache/httpcomponents/httpmime/4.5.13/httpmime-4.5.13.jar:/Users/mumuakbas/.m2/repository/org/ccil/cowan/tagsoup/tagsoup/1.2.1/tagsoup-1.2.1.jar:/Users/mumuakbas/.m2/repository/io/rest-assured/json-path/5.3.0/json-path-5.3.0.jar:/Users/mumuakbas/.m2/repository/org/apache/groovy/groovy-json/4.0.6/groovy-json-4.0.6.jar:/Users/mumuakbas/.m2/repository/io/rest-assured/rest-assured-common/5.3.0/rest-assured-common-5.3.0.jar:/Users/mumuakbas/.m2/repository/io/rest-assured/xml-path/5.3.0/xml-path-5.3.0.jar:/Users/mumuakbas/.m2/repository/com/opencsv/opencsv/5.7.1/opencsv-5.7.1.jar:/Users/mumuakbas/.m2/repository/org/apache/commons/commons-text/1.10.0/commons-text-1.10.0.jar:/Users/mumuakbas/.m2/repository/commons-beanutils/commons-beanutils/1.9.4/commons-beanutils-1.9.4.jar:/Users/mumuakbas/.m2/repository/commons-collections/commons-collections/3.2.2/commons-collections-3.2.2.jar:/Users/mumuakbas/.m2/repository/org/apache/commons/commons-collections4/4.4/commons-collections4-4.4.jar:/Users/mumuakbas/.m2/repository/org/apache/poi/poi/4.1.2/poi-4.1.2.jar:/Users/mumuakbas/.m2/repository/commons-codec/commons-codec/1.13/commons-codec-1.13.jar:/Users/mumuakbas/.m2/repository/org/apache/commons/commons-math3/3.6.1/commons-math3-3.6.1.jar:/Users/mumuakbas/.m2/repository/com/zaxxer/SparseBitSet/1.2/SparseBitSet-1.2.jar:/Users/mumuakbas/.m2/repository/org/apache/poi/poi-ooxml/4.1.2/poi-ooxml-4.1.2.jar:/Users/mumuakbas/.m2/repository/org/apache/poi/poi-ooxml-schemas/4.1.2/poi-ooxml-schemas-4.1.2.jar:/Users/mumuakbas/.m2/repository/org/apache/xmlbeans/xmlbeans/3.1.0/xmlbeans-3.1.0.jar:/Users/mumuakbas/.m2/repository/org/apache/commons/commons-compress/1.19/commons-compress-1.19.jar:/Users/mumuakbas/.m2/repository/com/github/virtuald/curvesapi/1.06/curvesapi-1.06.jar:/Users/mumuakbas/.m2/repository/com/github/pireba/applescript/0.0.5/applescript-0.0.5.jar:/Users/mumuakbas/.m2/repository/org/seleniumhq/selenium/selenium-devtools-v114/4.12.1/selenium-devtools-v114-4.12.1.jar:/Users/mumuakbas/.m2/repository/com/google/auto/service/auto-service-annotations/1.1.1/auto-service-annotations-1.1.1.jar:/Users/mumuakbas/.m2/repository/com/google/guava/guava/32.1.2-jre/guava-32.1.2-jre.jar:/Users/mumuakbas/.m2/repository/com/google/guava/failureaccess/1.0.1/failureaccess-1.0.1.jar:/Users/mumuakbas/.m2/repository/com/google/guava/listenablefuture/9999.0-empty-to-avoid-conflict-with-guava/listenablefuture-9999.0-empty-to-avoid-conflict-with-guava.jar:/Users/mumuakbas/.m2/repository/com/google/code/findbugs/jsr305/3.0.2/jsr305-3.0.2.jar:/Users/mumuakbas/.m2/repository/org/checkerframework/checker-qual/3.33.0/checker-qual-3.33.0.jar:/Users/mumuakbas/.m2/repository/com/google/errorprone/error_prone_annotations/2.18.0/error_prone_annotations-2.18.0.jar:/Users/mumuakbas/.m2/repository/com/google/j2objc/j2objc-annotations/2.8/j2objc-annotations-2.8.jar:/Users/mumuakbas/.m2/repository/org/seleniumhq/selenium/selenium-json/4.12.1/selenium-json-4.12.1.jar:/Users/mumuakbas/.m2/repository/org/apache/commons/commons-csv/1.5/commons-csv-1.5.jar:/Users/mumuakbas/.m2/repository/io/github/bonigarcia/webdrivermanager/5.5.0/webdrivermanager-5.5.0.jar:/Users/mumuakbas/.m2/repository/org/slf4j/slf4j-api/2.0.7/slf4j-api-2.0.7.jar:/Users/mumuakbas/.m2/repository/com/google/code/gson/gson/2.10.1/gson-2.10.1.jar:/Users/mumuakbas/.m2/repository/com/github/docker-java/docker-java/3.3.3/docker-java-3.3.3.jar:/Users/mumuakbas/.m2/repository/com/github/docker-java/docker-java-core/3.3.3/docker-java-core-3.3.3.jar:/Users/mumuakbas/.m2/repository/com/github/docker-java/docker-java-api/3.3.3/docker-java-api-3.3.3.jar:/Users/mumuakbas/.m2/repository/com/fasterxml/jackson/core/jackson-annotations/2.10.3/jackson-annotations-2.10.3.jar:/Users/mumuakbas/.m2/repository/commons-io/commons-io/2.6/commons-io-2.6.jar:/Users/mumuakbas/.m2/repository/com/fasterxml/jackson/core/jackson-databind/2.10.3/jackson-databind-2.10.3.jar:/Users/mumuakbas/.m2/repository/com/fasterxml/jackson/core/jackson-core/2.10.3/jackson-core-2.10.3.jar:/Users/mumuakbas/.m2/repository/org/bouncycastle/bcpkix-jdk18on/1.75/bcpkix-jdk18on-1.75.jar:/Users/mumuakbas/.m2/repository/org/bouncycastle/bcprov-jdk18on/1.75/bcprov-jdk18on-1.75.jar:/Users/mumuakbas/.m2/repository/org/bouncycastle/bcutil-jdk18on/1.75/bcutil-jdk18on-1.75.jar:/Users/mumuakbas/.m2/repository/org/slf4j/jcl-over-slf4j/1.7.30/jcl-over-slf4j-1.7.30.jar:/Users/mumuakbas/.m2/repository/com/github/docker-java/docker-java-transport-httpclient5/3.3.3/docker-java-transport-httpclient5-3.3.3.jar:/Users/mumuakbas/.m2/repository/com/github/docker-java/docker-java-transport/3.3.3/docker-java-transport-3.3.3.jar:/Users/mumuakbas/.m2/repository/net/java/dev/jna/jna/5.12.1/jna-5.12.1.jar:/Users/mumuakbas/.m2/repository/org/brotli/dec/0.1.2/dec-0.1.2.jar:/Users/mumuakbas/.m2/repository/org/apache/httpcomponents/client5/httpclient5/5.2.1/httpclient5-5.2.1.jar:/Users/mumuakbas/.m2/repository/org/apache/httpcomponents/core5/httpcore5/5.2/httpcore5-5.2.jar:/Users/mumuakbas/.m2/repository/org/apache/httpcomponents/core5/httpcore5-h2/5.2/httpcore5-h2-5.2.jar:/Users/mumuakbas/.m2/repository/io/github/qsy7/java/modules/browser/drivers/chromedriver/0.3.3/chromedriver-0.3.3.jar:/Users/mumuakbas/.m2/repository/io/github/qsy7/java/modules/browser/api/service/0.3.3/service-0.3.3.jar:/Users/mumuakbas/.m2/repository/io/github/qsy7/java/modules/browser/api/model/0.3.3/model-0.3.3.jar:/Users/mumuakbas/.m2/repository/io/github/qsy7/java/infrastructure/property/api/0.3.3/api-0.3.3.jar:/Users/mumuakbas/.m2/repository/org/reflections/reflections/0.10.2/reflections-0.10.2.jar:/Users/mumuakbas/.m2/repository/org/javassist/javassist/3.28.0-GA/javassist-3.28.0-GA.jar:/Users/mumuakbas/.m2/repository/org/dom4j/dom4j/2.1.4/dom4j-2.1.4.jar:/Users/mumuakbas/.m2/repository/io/github/qsy7/java/modules/identity/api/model/0.3.3/model-0.3.3.jar:/Users/mumuakbas/.m2/repository/io/github/qsy7/java/modules/person/api/model/0.3.3/model-0.3.3.jar:/Users/mumuakbas/.m2/repository/org/passay/passay/1.6.4/passay-1.6.4.jar:/Users/mumuakbas/.m2/repository/io/github/qsy7/java/modules/serialization/api/service/0.3.3/service-0.3.3.jar:/Users/mumuakbas/.m2/repository/io/github/qsy7/java/modules/serialization/api/model/0.3.3/model-0.3.3.jar:/Users/mumuakbas/.m2/repository/io/github/qsy7/java/modules/keep-alive/0.3.3/keep-alive-0.3.3.jar:/Users/mumuakbas/.m2/repository/io/github/qsy7/java/modules/file/modules/resources/0.3.3/resources-0.3.3.jar:/Users/mumuakbas/.m2/repository/io/github/qsy7/java/infrastructure/inject/modules/cli/api/0.3.3/api-0.3.3.jar:/Users/mumuakbas/.m2/repository/io/github/qsy7/java/advice/closeable/0.3.3/closeable-0.3.3.jar:/Users/mumuakbas/.m2/repository/net/bytebuddy/byte-buddy-agent/1.14.11/byte-buddy-agent-1.14.11.jar:/Users/mumuakbas/.m2/repository/io/github/qsy7/java/infrastructure/datastore/api/repository/0.3.3/repository-0.3.3.jar:/Users/mumuakbas/.m2/repository/io/github/qsy7/java/infrastructure/datastore/api/model/0.3.3/model-0.3.3.jar:/Users/mumuakbas/.m2/repository/org/datanucleus/javax.jdo/3.2.1/javax.jdo-3.2.1.jar:/Users/mumuakbas/.m2/repository/org/glassfish/corba/glassfish-corba-omgapi/4.2.2/glassfish-corba-omgapi-4.2.2.jar:/Users/mumuakbas/.m2/repository/org/datanucleus/datanucleus-api-jdo/6.0.1/datanucleus-api-jdo-6.0.1.jar:/Users/mumuakbas/.m2/repository/org/datanucleus/datanucleus-core/6.0.6/datanucleus-core-6.0.6.jar:/Users/mumuakbas/.m2/repository/org/datanucleus/datanucleus-jdo-query/6.0.1/datanucleus-jdo-query-6.0.1.jar:/Users/mumuakbas/.m2/repository/javax/transaction/javax.transaction-api/1.3/javax.transaction-api-1.3.jar:/Users/mumuakbas/.m2/repository/io/github/qsy7/java/modules/browser/impl/0.3.3/impl-0.3.3.jar:/Users/mumuakbas/.m2/repository/io/github/qsy7/java/modules/file/api/model/0.3.3/model-0.3.3.jar:/Users/mumuakbas/.m2/repository/io/github/qsy7/java/modules/file/api/service/0.3.3/service-0.3.3.jar:/Users/mumuakbas/.m2/repository/io/github/qsy7/java/modules/file/impl/0.3.3/impl-0.3.3.jar:/Users/mumuakbas/.m2/repository/io/github/qsy7/java/modules/compression/api/service/0.3.3/service-0.3.3.jar:/Users/mumuakbas/.m2/repository/io/github/qsy7/java/modules/compression/api/model/0.3.3/model-0.3.3.jar:/Users/mumuakbas/.m2/repository/org/tukaani/xz/1.9/xz-1.9.jar:/Users/mumuakbas/.m2/repository/io/github/qsy7/java/modules/compression/modules/xz/impl/0.3.3/impl-0.3.3.jar:/Users/mumuakbas/.m2/repository/io/github/qsy7/java/modules/encryption/api/0.3.3/api-0.3.3.jar:/Users/mumuakbas/.m2/repository/io/github/qsy7/java/modules/encryption/impl/0.3.3/impl-0.3.3.jar:/Users/mumuakbas/.m2/repository/org/apache/commons/commons-crypto/1.2.0/commons-crypto-1.2.0.jar:/Users/mumuakbas/.m2/repository/com/sun/xml/bind/jaxb-impl/2.3.7/jaxb-impl-2.3.7.jar:/Users/mumuakbas/.m2/repository/jakarta/xml/bind/jakarta.xml.bind-api/2.3.3/jakarta.xml.bind-api-2.3.3.jar:/Users/mumuakbas/.m2/repository/io/github/qsy7/java/infrastructure/inject/core/0.3.3/core-0.3.3.jar:/Users/mumuakbas/.m2/repository/jakarta/inject/jakarta.inject-api/2.0.1.MR/jakarta.inject-api-2.0.1.MR.jar:/Users/mumuakbas/.m2/repository/io/github/qsy7/java/infrastructure/property/impl/0.3.3/impl-0.3.3.jar:/Users/mumuakbas/.m2/repository/io/github/qsy7/java/advice/logging/api/0.3.3/api-0.3.3.jar:/Users/mumuakbas/.m2/repository/jakarta/enterprise/jakarta.enterprise.cdi-api/4.1.0-M1/jakarta.enterprise.cdi-api-4.1.0-M1.jar:/Users/mumuakbas/.m2/repository/jakarta/enterprise/jakarta.enterprise.lang-model/4.1.0-M1/jakarta.enterprise.lang-model-4.1.0-M1.jar:/Users/mumuakbas/.m2/repository/jakarta/annotation/jakarta.annotation-api/3.0.0-M1/jakarta.annotation-api-3.0.0-M1.jar:/Users/mumuakbas/.m2/repository/jakarta/el/jakarta.el-api/5.0.1/jakarta.el-api-5.0.1.jar:/Users/mumuakbas/.m2/repository/jakarta/interceptor/jakarta.interceptor-api/2.2.0-M1/jakarta.interceptor-api-2.2.0-M1.jar:/Users/mumuakbas/.m2/repository/io/github/qsy7/java/infrastructure/property/modules/environment/0.3.3/environment-0.3.3.jar:/Users/mumuakbas/.m2/repository/io/github/qsy7/java/infrastructure/property/modules/manifest/0.3.3/manifest-0.3.3.jar:/Users/mumuakbas/.m2/repository/com/jcabi/jcabi-manifests/2.1.0/jcabi-manifests-2.1.0.jar:/Users/mumuakbas/.m2/repository/com/jcabi/jcabi-log/0.22.0/jcabi-log-0.22.0.jar:/Users/mumuakbas/.m2/repository/org/mockito/mockito-core/4.6.1/mockito-core-4.6.1.jar:/Users/mumuakbas/.m2/repository/org/objenesis/objenesis/3.2/objenesis-3.2.jar:/Users/mumuakbas/.m2/repository/io/github/qsy7/java/modules/shell/api/model/0.3.3/model-0.3.3.jar:/Users/mumuakbas/.m2/repository/io/github/qsy7/java/infrastructure/datastore/impl/0.3.3/impl-0.3.3.jar:/Users/mumuakbas/.m2/repository/org/hamcrest/hamcrest/2.2/hamcrest-2.2.jar:"/>
    <property name="sun.cpu.endian" value="little"/>
    <property name="user.home" value="/Users/mumuakbas"/>
    <property name="user.language" value="en"/>
    <property name="java.specification.vendor" value="Oracle Corporation"/>
    <property name="java.version.date" value="2024-10-15"/>
    <property name="java.home" value="/usr/local/Cellar/openjdk/23.0.1/libexec/openjdk.jdk/Contents/Home"/>
    <property name="file.separator" value="/"/>
    <property name="basedir" value="/Users/mumuakbas/IdeaProjects/CapstoneCucumber/EbayProject2"/>
    <property name="java.vm.compressedOopsMode" value="Zero based"/>
    <property name="line.separator" value="&#10;"/>
    <property name="java.vm.specification.vendor" value="Oracle Corporation"/>
    <property name="java.specification.name" value="Java Platform API Specification"/>
    <property name="apple.awt.application.name" value="ForkedBooter"/>
    <property name="surefire.real.class.path" value="/Users/mumuakbas/IdeaProjects/CapstoneCucumber/EbayProject2/target/surefire/surefirebooter16592409487398426522.jar"/>
    <property name="sun.management.compiler" value="HotSpot 64-Bit Tiered Compilers"/>
    <property name="ftp.nonProxyHosts" value="local|*.local|169.254/16|*.169.254/16"/>
    <property name="java.runtime.version" value="23.0.1"/>
    <property name="user.name" value="mumuakbas"/>
    <property name="stdout.encoding" value="UTF-8"/>
    <property name="path.separator" value=":"/>
    <property name="os.version" value="13.2.1"/>
    <property name="java.runtime.name" value="OpenJDK Runtime Environment"/>
    <property name="file.encoding" value="UTF-8"/>
    <property name="java.vm.name" value="OpenJDK 64-Bit Server VM"/>
    <property name="java.vendor.version" value="Homebrew"/>
    <property name="localRepository" value="/Users/mumuakbas/.m2/repository"/>
    <property name="java.vendor.url.bug" value="https://github.com/Homebrew/homebrew-core/issues"/>
    <property name="java.io.tmpdir" value="/var/folders/32/9ysr09h11gjg4r13mwr26h240000gn/T/"/>
    <property name="java.version" value="23.0.1"/>
    <property name="user.dir" value="/Users/mumuakbas/IdeaProjects/CapstoneCucumber/EbayProject2"/>
    <property name="os.arch" value="x86_64"/>
    <property name="java.vm.specification.name" value="Java Virtual Machine Specification"/>
    <property name="native.encoding" value="UTF-8"/>
    <property name="java.library.path" value="/Users/mumuakbas/Library/Java/Extensions:/Library/Java/Extensions:/Network/Library/Java/Extensions:/System/Library/Java/Extensions:/usr/lib/java:."/>
    <property name="java.vm.info" value="mixed mode, sharing"/>
    <property name="stderr.encoding" value="UTF-8"/>
    <property name="java.vendor" value="Homebrew"/>
    <property name="java.vm.version" value="23.0.1"/>
    <property name="sun.io.unicode.encoding" value="UnicodeBig"/>
    <property name="socksNonProxyHosts" value="local|*.local|169.254/16|*.169.254/16"/>
    <property name="java.class.version" value="67.0"/>
  </properties>
  <testcase name="Search for multiple items" classname="eBay Simple Search" time="28.169">
    <error message="no such element: Unable to locate element: {&quot;method&quot;:&quot;css selector&quot;,&quot;selector&quot;:&quot;#gh\-btn&quot;}&#10;  (Session info: chrome=131.0.6778.267)&#10;For documentation on this error, please visit: https://www.selenium.dev/documentation/webdriver/troubleshooting/errors#no-such-element-exception&#10;Build info: version: &apos;4.12.1&apos;, revision: &apos;8e34639b11&apos;&#10;System info: os.name: &apos;Mac OS X&apos;, os.arch: &apos;x86_64&apos;, os.version: &apos;13.2.1&apos;, java.version: &apos;23.0.1&apos;&#10;Driver info: org.openqa.selenium.chrome.ChromeDriver&#10;Command: [02b3d5a8b14518ce38cf9ccf61d31a22, findElement {using=id, value=gh-btn}]&#10;Capabilities {acceptInsecureCerts: false, browserName: chrome, browserVersion: 131.0.6778.267, chrome: {chromedriverVersion: 131.0.6778.264 (2d05e315153..., userDataDir: /var/folders/32/9ysr09h11gj...}, fedcm:accounts: true, goog:chromeOptions: {debuggerAddress: localhost:54901}, networkConnectionEnabled: false, pageLoadStrategy: normal, platformName: mac, proxy: Proxy(), se:cdp: ws://localhost:54901/devtoo..., se:cdpVersion: 131.0.6778.267, setWindowRect: true, strictFileInteractability: false, timeouts: {implicit: 0, pageLoad: 300000, script: 30000}, unhandledPromptBehavior: dismiss and notify, webauthn:extension:credBlob: true, webauthn:extension:largeBlob: true, webauthn:extension:minPinLength: true, webauthn:extension:prf: true, webauthn:virtualAuthenticators: true}&#10;Session ID: 02b3d5a8b14518ce38cf9ccf61d31a22" type="org.openqa.selenium.NoSuchElementException">org.openqa.selenium.NoSuchElementException: 
no such element: Unable to locate element: {"method":"css selector","selector":"#gh\-btn"}
  (Session info: chrome=131.0.6778.267)
For documentation on this error, please visit: https://www.selenium.dev/documentation/webdriver/troubleshooting/errors#no-such-element-exception
Build info: version: '4.12.1', revision: '8e34639b11'
System info: os.name: 'Mac OS X', os.arch: 'x86_64', os.version: '13.2.1', java.version: '23.0.1'
Driver info: org.openqa.selenium.chrome.ChromeDriver
Command: [02b3d5a8b14518ce38cf9ccf61d31a22, findElement {using=id, value=gh-btn}]
Capabilities {acceptInsecureCerts: false, browserName: chrome, browserVersion: 131.0.6778.267, chrome: {chromedriverVersion: 131.0.6778.264 (2d05e315153..., userDataDir: /var/folders/32/9ysr09h11gj...}, fedcm:accounts: true, goog:chromeOptions: {debuggerAddress: localhost:54901}, networkConnectionEnabled: false, pageLoadStrategy: normal, platformName: mac, proxy: Proxy(), se:cdp: ws://localhost:54901/devtoo..., se:cdpVersion: 131.0.6778.267, setWindowRect: true, strictFileInteractability: false, timeouts: {implicit: 0, pageLoad: 300000, script: 30000}, unhandledPromptBehavior: dismiss and notify, webauthn:extension:credBlob: true, webauthn:extension:largeBlob: true, webauthn:extension:minPinLength: true, webauthn:extension:prf: true, webauthn:virtualAuthenticators: true}
Session ID: 02b3d5a8b14518ce38cf9ccf61d31a22
</error>
    <system-out><![CDATA[
Scenario: Search for multiple items                       &amp#27;[90m# src/test/resources/Features/Ebay/EbaySimpleSearchDataTable.feature:6&amp#27;[0m
  &amp#27;[32mGiven &amp#27;[0m&amp#27;[32mGo to the home page&amp#27;[0m                               &amp#27;[90m# UI.Ebay.StepDefinitions.SearchBoxSteps.goToTheHomePage()&amp#27;[0m
  &amp#27;[31mWhen &amp#27;[0m&amp#27;[31mI search for the following items:&amp#27;[0m                  &amp#27;[90m# UI.Ebay.StepDefinitions.EbaySimpleSteps.iSearchForTheFollowingItems(io.cucumber.datatable.DataTable)&amp#27;[0m
    | items |
    | sapka |
    | soap  |
    | table |
      &amp#27;[31morg.openqa.selenium.NoSuchElementException: no such element: Unable to locate element: {"method":"css selector","selector":"#gh\-btn"}
  (Session info: chrome=131.0.6778.267)
For documentation on this error, please visit: https://www.selenium.dev/documentation/webdriver/troubleshooting/errors#no-such-element-exception
Build info: version: '4.12.1', revision: '8e34639b11'
System info: os.name: 'Mac OS X', os.arch: 'x86_64', os.version: '13.2.1', java.version: '23.0.1'
Driver info: org.openqa.selenium.chrome.ChromeDriver
Command: [02b3d5a8b14518ce38cf9ccf61d31a22, findElement {using=id, value=gh-btn}]
Capabilities {acceptInsecureCerts: false, browserName: chrome, browserVersion: 131.0.6778.267, chrome: {chromedriverVersion: 131.0.6778.264 (2d05e315153..., userDataDir: /var/folders/32/9ysr09h11gj...}, fedcm:accounts: true, goog:chromeOptions: {debuggerAddress: localhost:54901}, networkConnectionEnabled: false, pageLoadStrategy: normal, platformName: mac, proxy: Proxy(), se:cdp: ws://localhost:54901/devtoo..., se:cdpVersion: 131.0.6778.267, setWindowRect: true, strictFileInteractability: false, timeouts: {implicit: 0, pageLoad: 300000, script: 30000}, unhandledPromptBehavior: dismiss and notify, webauthn:extension:credBlob: true, webauthn:extension:largeBlob: true, webauthn:extension:minPinLength: true, webauthn:extension:prf: true, webauthn:virtualAuthenticators: true}
Session ID: 02b3d5a8b14518ce38cf9ccf61d31a22
	at java.base/jdk.internal.reflect.DirectConstructorHandleAccessor.newInstance(DirectConstructorHandleAccessor.java:62)
	at java.base/java.lang.reflect.Constructor.newInstanceWithCaller(Constructor.java:501)
	at java.base/java.lang.reflect.Constructor.newInstance(Constructor.java:485)
	at org.openqa.selenium.remote.codec.w3c.W3CHttpResponseCodec.createException(W3CHttpResponseCodec.java:200)
	at org.openqa.selenium.remote.codec.w3c.W3CHttpResponseCodec.decode(W3CHttpResponseCodec.java:133)
	at org.openqa.selenium.remote.codec.w3c.W3CHttpResponseCodec.decode(W3CHttpResponseCodec.java:52)
	at org.openqa.selenium.remote.HttpCommandExecutor.execute(HttpCommandExecutor.java:191)
	at org.openqa.selenium.remote.service.DriverCommandExecutor.invokeExecute(DriverCommandExecutor.java:196)
	at org.openqa.selenium.remote.service.DriverCommandExecutor.execute(DriverCommandExecutor.java:171)
	at org.openqa.selenium.remote.RemoteWebDriver.execute(RemoteWebDriver.java:602)
	at org.openqa.selenium.remote.ElementLocation$ElementFinder$2.findElement(ElementLocation.java:165)
	at org.openqa.selenium.remote.ElementLocation.findElement(ElementLocation.java:59)
	at org.openqa.selenium.remote.RemoteWebDriver.findElement(RemoteWebDriver.java:359)
	at org.openqa.selenium.remote.RemoteWebDriver.findElement(RemoteWebDriver.java:353)
	at org.openqa.selenium.support.pagefactory.DefaultElementLocator.findElement(DefaultElementLocator.java:68)
	at org.openqa.selenium.support.pagefactory.internal.LocatingElementHandler.invoke(LocatingElementHandler.java:38)
	at jdk.proxy2/jdk.proxy2.$Proxy23.click(Unknown Source)
	at UI.Ebay.StepDefinitions.EbaySimpleSteps.iSearchForTheFollowingItems(EbaySimpleSteps.java:38)
	at ✽.I search for the following items:(file:///Users/mumuakbas/IdeaProjects/CapstoneCucumber/EbayProject2/src/test/resources/Features/Ebay/EbaySimpleSearchDataTable.feature:8)
&amp#27;[0m
  &amp#27;[36mThen &amp#27;[0m&amp#27;[36mI should see relevant search results for all items&amp#27;[0m &amp#27;[90m# UI.Ebay.StepDefinitions.EbaySimpleSteps.iShouldSeeRelevantSearchResultsForAllItems()&amp#27;[0m
]]></system-out>
    <system-err><![CDATA[Jan 24, 2025 9:36:50 AM org.openqa.selenium.devtools.CdpVersionFinder findNearestMatch
WARNING: Unable to find CDP implementation matching 131
Jan 24, 2025 9:36:50 AM org.openqa.selenium.chromium.ChromiumDriver lambda$new$5
WARNING: Unable to find version of CDP to use for 131.0.6778.267. You may need to include a dependency on a specific version of the CDP using something similar to `org.seleniumhq.selenium:selenium-devtools-v86:4.12.1` where the version ("v86") matches the version of the chromium-based browser you're using and the version number of the artifact is the same as Selenium's.
]]></system-err>
  </testcase>
</testsuite>